<?xml version="1.0" encoding="UTF-8"?>
<!-- Generated by org.testng.reporters.JUnitXMLReporter -->
<testsuite ignored="2" hostname="LAPTOP-HM1JUSSO" failures="0" tests="1" name="Test" time="21.27" errors="0" timestamp="2024-04-10T13:58:17 IST">
  <testcase classname="Testscripts.BooksTest" name="books_003" time="7.296"/>
  <testcase classname="Testscripts.BooksTest" name="books_002" time="0.0">
    <ignored/>
  </testcase> <!-- books_002 -->
  <testcase classname="Testscripts.BooksTest" name="books_001" time="0.0">
    <ignored/>
  </testcase> <!-- books_001 -->
</testsuite> <!-- Test -->
