<?xml version="1.0" encoding="UTF-8"?>
<!-- Generated by org.testng.reporters.JUnitXMLReporter -->
<testsuite ignored="4" hostname="LAPTOP-HM1JUSSO" failures="0" tests="4" name="Test1" time="26.316" errors="0" timestamp="2024-04-04T14:57:25 IST">
  <testcase classname="Testscripts.ComputersTest" name="Computer_002" time="0.895"/>
  <testcase classname="Testscripts.ComputersTest" name="computer_001" time="0.696"/>
  <testcase classname="Testscripts.BooksTest" name="books_001" time="1.117"/>
  <testcase classname="Testscripts.BooksTest" name="books_002" time="1.103"/>
  <testcase classname="GenericLibraries.BaseClass" name="@AfterTest at" time="0.0">
    <ignored/>
  </testcase> <!-- @AfterTest at -->
  <testcase classname="GenericLibraries.BaseClass" name="@AfterSuite as" time="0.0">
    <ignored/>
  </testcase> <!-- @AfterSuite as -->
  <testcase classname="GenericLibraries.BaseClass" name="@BeforeSuite bs" time="0.0">
    <ignored/>
  </testcase> <!-- @BeforeSuite bs -->
  <testcase classname="GenericLibraries.BaseClass" name="@BeforeTest bt" time="0.0">
    <ignored/>
  </testcase> <!-- @BeforeTest bt -->
</testsuite> <!-- Test1 -->
