<?xml version="1.0" encoding="UTF-8"?>
<!-- Generated by org.testng.reporters.JUnitXMLReporter -->
<testsuite ignored="4" hostname="LAPTOP-HM1JUSSO" failures="0" tests="4" name="Test3" time="34.821" errors="0" timestamp="2024-04-04T14:57:33 IST">
  <testcase classname="Testscripts.ComputersTest" name="Computer_002" time="1.024"/>
  <testcase classname="Testscripts.ComputersTest" name="computer_001" time="1.388"/>
  <testcase classname="Testscripts.BooksTest" name="books_001" time="1.158"/>
  <testcase classname="Testscripts.BooksTest" name="books_002" time="0.0">
    <skipped/>
  </testcase> <!-- books_002 -->
  <testcase classname="GenericLibraries.BaseClass" name="@BeforeSuite bs" time="0.0">
    <ignored/>
  </testcase> <!-- @BeforeSuite bs -->
  <testcase classname="GenericLibraries.BaseClass" name="@AfterTest at" time="0.0">
    <ignored/>
  </testcase> <!-- @AfterTest at -->
  <testcase classname="GenericLibraries.BaseClass" name="@BeforeTest bt" time="0.0">
    <ignored/>
  </testcase> <!-- @BeforeTest bt -->
  <testcase classname="GenericLibraries.BaseClass" name="@AfterSuite as" time="0.0">
    <ignored/>
  </testcase> <!-- @AfterSuite as -->
</testsuite> <!-- Test3 -->
