<?xml version="1.0" encoding="UTF-8"?>
<testng-results ignored="0" total="1" passed="1" failed="0" skipped="0">
  <reporter-output>
    <line>
      <![CDATA[Data base is Connected]]>
    </line>
    <line>
      <![CDATA[Before Test]]>
    </line>
    <line>
      <![CDATA[Launched Browser]]>
    </line>
    <line>
      <![CDATA[Login]]>
    </line>
    <line>
      <![CDATA[Log Out]]>
    </line>
    <line>
      <![CDATA[Browser closed]]>
    </line>
    <line>
      <![CDATA[After Test]]>
    </line>
    <line>
      <![CDATA[Close Data Base Connection]]>
    </line>
  </reporter-output>
  <suite started-at="2024-04-10T13:57:56 IST" name="Suite" finished-at="2024-04-10T13:58:17 IST" duration-ms="21270">
    <groups>
    </groups>
    <test started-at="2024-04-10T13:57:56 IST" name="Test" finished-at="2024-04-10T13:58:17 IST" duration-ms="21270">
      <class name="Testscripts.BooksTest">
        <test-method is-config="true" signature="bs()[pri:0, instance:Testscripts.BooksTest@2d3379b4]" started-at="2024-04-10T13:57:56 IST" name="bs" finished-at="2024-04-10T13:57:56 IST" duration-ms="10" status="PASS">
          <reporter-output>
            <line>
              <![CDATA[Data base is Connected]]>
            </line>
          </reporter-output>
        </test-method> <!-- bs -->
        <test-method is-config="true" signature="bt()[pri:0, instance:Testscripts.BooksTest@2d3379b4]" started-at="2024-04-10T13:57:56 IST" name="bt" finished-at="2024-04-10T13:57:56 IST" duration-ms="1" status="PASS">
          <reporter-output>
            <line>
              <![CDATA[Before Test]]>
            </line>
          </reporter-output>
        </test-method> <!-- bt -->
        <test-method is-config="true" signature="Launchthebrowser(java.lang.String,java.lang.String)[pri:0, instance:Testscripts.BooksTest@2d3379b4]" started-at="2024-04-10T13:57:56 IST" name="Launchthebrowser" finished-at="2024-04-10T13:58:03 IST" duration-ms="6903" status="PASS">
          <params>
            <param index="0">
              <value>
                <![CDATA[chrome]]>
              </value>
            </param>
            <param index="1">
              <value>
                <![CDATA[https://demowebshop.tricentis.com]]>
              </value>
            </param>
          </params>
          <reporter-output>
            <line>
              <![CDATA[Launched Browser]]>
            </line>
          </reporter-output>
        </test-method> <!-- Launchthebrowser -->
        <test-method is-config="true" signature="Login()[pri:0, instance:Testscripts.BooksTest@2d3379b4]" started-at="2024-04-10T13:58:03 IST" name="Login" finished-at="2024-04-10T13:58:08 IST" duration-ms="5720" status="PASS">
          <reporter-output>
            <line>
              <![CDATA[Login]]>
            </line>
          </reporter-output>
        </test-method> <!-- Login -->
        <test-method signature="books_003()[pri:0, instance:Testscripts.BooksTest@2d3379b4]" started-at="2024-04-10T13:58:08 IST" name="books_003" finished-at="2024-04-10T13:58:16 IST" duration-ms="7296" status="PASS">
          <reporter-output>
          </reporter-output>
        </test-method> <!-- books_003 -->
        <test-method is-config="true" signature="Logout()[pri:0, instance:Testscripts.BooksTest@2d3379b4]" started-at="2024-04-10T13:58:16 IST" name="Logout" finished-at="2024-04-10T13:58:17 IST" duration-ms="1111" status="PASS">
          <reporter-output>
            <line>
              <![CDATA[Log Out]]>
            </line>
          </reporter-output>
        </test-method> <!-- Logout -->
        <test-method is-config="true" signature="BrowserClosed()[pri:0, instance:Testscripts.BooksTest@2d3379b4]" started-at="2024-04-10T13:58:17 IST" name="BrowserClosed" finished-at="2024-04-10T13:58:17 IST" duration-ms="191" status="PASS">
          <reporter-output>
            <line>
              <![CDATA[Browser closed]]>
            </line>
          </reporter-output>
        </test-method> <!-- BrowserClosed -->
        <test-method is-config="true" signature="at()[pri:0, instance:Testscripts.BooksTest@2d3379b4]" started-at="2024-04-10T13:58:17 IST" name="at" finished-at="2024-04-10T13:58:17 IST" duration-ms="1" status="PASS">
          <reporter-output>
            <line>
              <![CDATA[After Test]]>
            </line>
          </reporter-output>
        </test-method> <!-- at -->
        <test-method is-config="true" signature="as()[pri:0, instance:Testscripts.BooksTest@2d3379b4]" started-at="2024-04-10T13:58:17 IST" name="as" finished-at="2024-04-10T13:58:17 IST" duration-ms="1" status="PASS">
          <reporter-output>
            <line>
              <![CDATA[Close Data Base Connection]]>
            </line>
          </reporter-output>
        </test-method> <!-- as -->
      </class> <!-- Testscripts.BooksTest -->
    </test> <!-- Test -->
  </suite> <!-- Suite -->
</testng-results>
